<?xml version="1.0" encoding="UTF-8"?>
<!-- Generated by org.testng.reporters.JUnitXMLReporter -->
<testsuite ignored="0" hostname="subbu" failures="0" tests="3" name="Default test" time="25.91" errors="0" timestamp="2022-12-21T10:13:31 IST">
  <testcase classname="package1.Academy_Students" name="main" time="5.689"/>
  <testcase classname="package1.Academy_Students" name="main" time="5.329"/>
  <testcase classname="package1.Academy_Students" name="main" time="5.279"/>
</testsuite> <!-- Default test -->
