<?xml version="1.0" encoding="UTF-8"?>
<testng-results ignored="0" total="3" passed="3" failed="0" skipped="0">
  <reporter-output>
  </reporter-output>
  <suite started-at="2022-12-21T10:13:05 IST" name="Default suite" finished-at="2022-12-21T10:13:31 IST" duration-ms="25910">
    <groups>
    </groups>
    <test started-at="2022-12-21T10:13:05 IST" name="Default test" finished-at="2022-12-21T10:13:31 IST" duration-ms="25910">
      <class name="package1.Academy_Students">
        <test-method is-config="true" signature="intilizedriver()[pri:0, instance:package1.Academy_Students@33065d67]" started-at="2022-12-21T10:13:05 IST" name="intilizedriver" finished-at="2022-12-21T10:13:13 IST" duration-ms="7665" status="PASS">
          <reporter-output>
          </reporter-output>
        </test-method> <!-- intilizedriver -->
        <test-method signature="main(java.util.Map)[pri:0, instance:package1.Academy_Students@33065d67]" started-at="2022-12-21T10:13:15 IST" name="main" data-provider="data" finished-at="2022-12-21T10:13:21 IST" duration-ms="5689" status="PASS">
          <params>
            <param index="0">
              <value>
                <![CDATA[{Firstname=hari, password=Hari@123, occupation=Student, Lastname=koli, Newpassword=Hari@123, phnNum=9123458971, Gender=male}]]>
              </value>
            </param>
          </params>
          <reporter-output>
          </reporter-output>
        </test-method> <!-- main -->
        <test-method signature="main(java.util.Map)[pri:0, instance:package1.Academy_Students@33065d67]" started-at="2022-12-21T10:13:21 IST" name="main" data-provider="data" finished-at="2022-12-21T10:13:26 IST" duration-ms="5329" status="PASS">
          <params>
            <param index="0">
              <value>
                <![CDATA[{Firstname=suman, password=Suman@345, occupation=Engineer, Lastname=nella, Newpassword=Suman@345, phnNum=8978256172, Gender=female}]]>
              </value>
            </param>
          </params>
          <reporter-output>
          </reporter-output>
        </test-method> <!-- main -->
        <test-method signature="main(java.util.Map)[pri:0, instance:package1.Academy_Students@33065d67]" started-at="2022-12-21T10:13:26 IST" name="main" data-provider="data" finished-at="2022-12-21T10:13:31 IST" duration-ms="5279" status="PASS">
          <params>
            <param index="0">
              <value>
                <![CDATA[{Firstname=dasu, password=Dasu@321, occupation=Doctor, Lastname=pilli, Newpassword=Dasu@321, phnNum=6132254891, Gender=male}]]>
              </value>
            </param>
          </params>
          <reporter-output>
          </reporter-output>
        </test-method> <!-- main -->
      </class> <!-- package1.Academy_Students -->
    </test> <!-- Default test -->
  </suite> <!-- Default suite -->
</testng-results>
