<?xml version="1.0" encoding="UTF-8"?>
<!-- Generated by org.testng.reporters.JUnitXMLReporter -->
<testsuite ignored="11" hostname="subbu" failures="0" tests="1" name="Groups_Test" time="0.094" errors="0" timestamp="2022-12-10T22:04:24 IST">
  <testcase classname="com.Groups.Groups_Practice" name="testcase6" time="0.017"/>
  <testcase classname="com.Groups.Groups2_Pratice" name="testcase9" time="0.0">
    <ignored/>
  </testcase> <!-- testcase9 -->
  <testcase classname="com.Groups.Groups_Practice" name="testcase1" time="0.0">
    <ignored/>
  </testcase> <!-- testcase1 -->
  <testcase classname="com.Groups.Groups_Practice" name="testcase2" time="0.0">
    <ignored/>
  </testcase> <!-- testcase2 -->
  <testcase classname="com.Groups.Groups2_Pratice" name="testcase7" time="0.0">
    <ignored/>
  </testcase> <!-- testcase7 -->
  <testcase classname="com.Groups.Groups_Practice" name="testcase3" time="0.0">
    <ignored/>
  </testcase> <!-- testcase3 -->
  <testcase classname="com.Groups.Groups2_Pratice" name="testcase8" time="0.0">
    <ignored/>
  </testcase> <!-- testcase8 -->
  <testcase classname="com.Groups.Groups_Practice" name="testcase4" time="0.0">
    <ignored/>
  </testcase> <!-- testcase4 -->
  <testcase classname="com.Groups.Groups2_Pratice" name="testcase10" time="0.0">
    <ignored/>
  </testcase> <!-- testcase10 -->
  <testcase classname="com.Groups.Groups_Practice" name="testcase5" time="0.0">
    <ignored/>
  </testcase> <!-- testcase5 -->
  <testcase classname="com.Groups.Groups2_Pratice" name="testcase11" time="0.0">
    <ignored/>
  </testcase> <!-- testcase11 -->
  <testcase classname="com.Groups.Groups2_Pratice" name="testcase12" time="0.0">
    <ignored/>
  </testcase> <!-- testcase12 -->
</testsuite> <!-- Groups_Test -->
