<?xml version="1.0" encoding="UTF-8"?>
<!-- Generated by org.testng.reporters.JUnitXMLReporter -->
<testsuite ignored="0" hostname="subbu" failures="0" tests="6" name="Groups2_Test" time="0.02" errors="0" timestamp="2022-12-10T15:49:28 IST">
  <testcase classname="com.Groups.Groups2_Pratice" name="testcase10" time="0.001"/>
  <testcase classname="com.Groups.Groups2_Pratice" name="testcase11" time="0.001"/>
  <testcase classname="com.Groups.Groups2_Pratice" name="testcase12" time="0.002"/>
  <testcase classname="com.Groups.Groups2_Pratice" name="testcase7" time="0.002"/>
  <testcase classname="com.Groups.Groups2_Pratice" name="testcase8" time="0.002"/>
  <testcase classname="com.Groups.Groups2_Pratice" name="testcase9" time="0.001"/>
</testsuite> <!-- Groups2_Test -->
